created virtual environment CPython3.8.10.final.0-64 in 820ms
  creator CPython3Posix(dest=/local/shg096.15459311.0/env, clear=False, global=False)
  seeder FromAppData(download=False, pip=latest, setuptools=latest, wheel=latest, via=copy, app_data_dir=/home/shg096/.local/share/virtualenv/seed-app-data/v1.0.1)
  activators BashActivator,CShellActivator,FishActivator,PowerShellActivator,PythonActivator,XonshActivator
Ignoring pip: markers 'python_version < "3"' don't match your environment
Looking in links: /cvmfs/soft.computecanada.ca/custom/python/wheelhouse/gentoo2020/avx2, /cvmfs/soft.computecanada.ca/custom/python/wheelhouse/gentoo/avx2, /cvmfs/soft.computecanada.ca/custom/python/wheelhouse/gentoo2020/generic, /cvmfs/soft.computecanada.ca/custom/python/wheelhouse/gentoo/generic, /cvmfs/soft.computecanada.ca/custom/python/wheelhouse/generic
Processing /cvmfs/soft.computecanada.ca/custom/python/wheelhouse/generic/pip-23.0+computecanada-py3-none-any.whl
Installing collected packages: pip
  Attempting uninstall: pip
    Found existing installation: pip 20.0.2
    Uninstalling pip-20.0.2:
      Successfully uninstalled pip-20.0.2
Successfully installed pip-23.0+computecanada
Looking in links: /cvmfs/soft.computecanada.ca/custom/python/wheelhouse/gentoo2020/avx2, /cvmfs/soft.computecanada.ca/custom/python/wheelhouse/gentoo/avx2, /cvmfs/soft.computecanada.ca/custom/python/wheelhouse/gentoo2020/generic, /cvmfs/soft.computecanada.ca/custom/python/wheelhouse/gentoo/generic, /cvmfs/soft.computecanada.ca/custom/python/wheelhouse/generic
Requirement already satisfied: requests in /cvmfs/soft.computecanada.ca/easybuild/software/2020/avx2/Core/scipy-stack/2022a/lib/python3.8/site-packages (2.27.1+computecanada)
Requirement already satisfied: idna<4,>=2.5 in /cvmfs/soft.computecanada.ca/easybuild/software/2020/avx2/Core/scipy-stack/2022a/lib/python3.8/site-packages (from requests) (3.3+computecanada)
Requirement already satisfied: certifi>=2017.4.17 in /cvmfs/soft.computecanada.ca/easybuild/software/2020/avx2/Core/scipy-stack/2022a/lib/python3.8/site-packages (from requests) (2021.10.8+computecanada)
Requirement already satisfied: urllib3<1.27,>=1.21.1 in /cvmfs/soft.computecanada.ca/easybuild/software/2020/avx2/Core/scipy-stack/2022a/lib/python3.8/site-packages (from requests) (1.26.8+computecanada)
Requirement already satisfied: charset-normalizer~=2.0.0 in /cvmfs/soft.computecanada.ca/easybuild/software/2020/avx2/Core/scipy-stack/2022a/lib/python3.8/site-packages (from requests) (2.0.11+computecanada)
Looking in links: /cvmfs/soft.computecanada.ca/custom/python/wheelhouse/gentoo2020/avx2, /cvmfs/soft.computecanada.ca/custom/python/wheelhouse/gentoo/avx2, /cvmfs/soft.computecanada.ca/custom/python/wheelhouse/gentoo2020/generic, /cvmfs/soft.computecanada.ca/custom/python/wheelhouse/gentoo/generic, /cvmfs/soft.computecanada.ca/custom/python/wheelhouse/generic
Looking in links: /cvmfs/soft.computecanada.ca/custom/python/wheelhouse/gentoo2020/avx2, /cvmfs/soft.computecanada.ca/custom/python/wheelhouse/gentoo/avx2, /cvmfs/soft.computecanada.ca/custom/python/wheelhouse/gentoo2020/generic, /cvmfs/soft.computecanada.ca/custom/python/wheelhouse/gentoo/generic, /cvmfs/soft.computecanada.ca/custom/python/wheelhouse/generic
Looking in links: /cvmfs/soft.computecanada.ca/custom/python/wheelhouse/gentoo2020/avx2, /cvmfs/soft.computecanada.ca/custom/python/wheelhouse/gentoo/avx2, /cvmfs/soft.computecanada.ca/custom/python/wheelhouse/gentoo2020/generic, /cvmfs/soft.computecanada.ca/custom/python/wheelhouse/gentoo/generic, /cvmfs/soft.computecanada.ca/custom/python/wheelhouse/generic
Looking in links: /cvmfs/soft.computecanada.ca/custom/python/wheelhouse/gentoo2020/avx2, /cvmfs/soft.computecanada.ca/custom/python/wheelhouse/gentoo/avx2, /cvmfs/soft.computecanada.ca/custom/python/wheelhouse/gentoo2020/generic, /cvmfs/soft.computecanada.ca/custom/python/wheelhouse/gentoo/generic, /cvmfs/soft.computecanada.ca/custom/python/wheelhouse/generic
Processing /cvmfs/soft.computecanada.ca/custom/python/wheelhouse/generic/xarray-2023.10.1+computecanada-py3-none-any.whl
Requirement already satisfied: packaging>=21.3 in /cvmfs/soft.computecanada.ca/easybuild/software/2020/avx2/Core/scipy-stack/2022a/lib/python3.8/site-packages (from xarray) (21.3+computecanada)
Requirement already satisfied: numpy>=1.22 in /cvmfs/soft.computecanada.ca/easybuild/software/2020/avx2/Core/scipy-stack/2022a/lib/python3.8/site-packages (from xarray) (1.22.2+computecanada)
Requirement already satisfied: pandas>=1.4 in /cvmfs/soft.computecanada.ca/easybuild/software/2020/avx2/Core/scipy-stack/2022a/lib/python3.8/site-packages (from xarray) (1.4.0+computecanada)
Processing /cvmfs/soft.computecanada.ca/custom/python/wheelhouse/generic/xarray-2023.4.2+computecanada-py3-none-any.whl
Processing /cvmfs/soft.computecanada.ca/custom/python/wheelhouse/generic/xarray-2023.2.0+computecanada-py3-none-any.whl
Processing /cvmfs/soft.computecanada.ca/custom/python/wheelhouse/generic/xarray-2022.6.0+computecanada-py3-none-any.whl
Requirement already satisfied: pyparsing!=3.0.5,>=2.0.2 in /cvmfs/soft.computecanada.ca/easybuild/software/2020/avx2/Core/scipy-stack/2022a/lib/python3.8/site-packages (from packaging>=21.3->xarray) (3.0.7+computecanada)
Requirement already satisfied: python-dateutil>=2.8.1 in /cvmfs/soft.computecanada.ca/easybuild/software/2020/avx2/Core/ipykernel/2022a/lib/python3.8/site-packages (from pandas>=1.4->xarray) (2.8.2+computecanada)
Requirement already satisfied: pytz>=2020.1 in /cvmfs/soft.computecanada.ca/easybuild/software/2020/avx2/Core/scipy-stack/2022a/lib/python3.8/site-packages (from pandas>=1.4->xarray) (2021.3+computecanada)
Requirement already satisfied: six>=1.5 in /cvmfs/soft.computecanada.ca/easybuild/software/2020/avx2/Core/ipykernel/2022a/lib/python3.8/site-packages (from python-dateutil>=2.8.1->pandas>=1.4->xarray) (1.16.0+computecanada)
Installing collected packages: xarray
Successfully installed xarray-2022.6.0+computecanada
Looking in links: /cvmfs/soft.computecanada.ca/custom/python/wheelhouse/gentoo2020/avx2, /cvmfs/soft.computecanada.ca/custom/python/wheelhouse/gentoo/avx2, /cvmfs/soft.computecanada.ca/custom/python/wheelhouse/gentoo2020/generic, /cvmfs/soft.computecanada.ca/custom/python/wheelhouse/gentoo/generic, /cvmfs/soft.computecanada.ca/custom/python/wheelhouse/generic
Requirement already satisfied: matplotlib in /cvmfs/soft.computecanada.ca/easybuild/software/2020/avx2/Core/scipy-stack/2022a/lib/python3.8/site-packages (3.5.1+computecanada)
Requirement already satisfied: fonttools>=4.22.0 in /cvmfs/soft.computecanada.ca/easybuild/software/2020/avx2/Core/scipy-stack/2022a/lib/python3.8/site-packages (from matplotlib) (4.29.1+computecanada)
Requirement already satisfied: python-dateutil>=2.7 in /cvmfs/soft.computecanada.ca/easybuild/software/2020/avx2/Core/ipykernel/2022a/lib/python3.8/site-packages (from matplotlib) (2.8.2+computecanada)
Requirement already satisfied: cycler>=0.10 in /cvmfs/soft.computecanada.ca/easybuild/software/2020/avx2/Core/scipy-stack/2022a/lib/python3.8/site-packages (from matplotlib) (0.11.0+computecanada)
Requirement already satisfied: packaging>=20.0 in /cvmfs/soft.computecanada.ca/easybuild/software/2020/avx2/Core/scipy-stack/2022a/lib/python3.8/site-packages (from matplotlib) (21.3+computecanada)
Requirement already satisfied: kiwisolver>=1.0.1 in /cvmfs/soft.computecanada.ca/easybuild/software/2020/avx2/Core/scipy-stack/2022a/lib/python3.8/site-packages (from matplotlib) (1.3.2+computecanada)
Requirement already satisfied: pillow>=6.2.0 in /cvmfs/soft.computecanada.ca/easybuild/software/2020/avx2/Core/scipy-stack/2022a/lib/python3.8/site-packages (from matplotlib) (9.0.1+computecanada)
Requirement already satisfied: numpy>=1.21 in /cvmfs/soft.computecanada.ca/easybuild/software/2020/avx2/Core/scipy-stack/2022a/lib/python3.8/site-packages (from matplotlib) (1.22.2+computecanada)
Requirement already satisfied: pyparsing>=2.2.1 in /cvmfs/soft.computecanada.ca/easybuild/software/2020/avx2/Core/scipy-stack/2022a/lib/python3.8/site-packages (from matplotlib) (3.0.7+computecanada)
Requirement already satisfied: six>=1.5 in /cvmfs/soft.computecanada.ca/easybuild/software/2020/avx2/Core/ipykernel/2022a/lib/python3.8/site-packages (from python-dateutil>=2.7->matplotlib) (1.16.0+computecanada)
Looking in links: /cvmfs/soft.computecanada.ca/custom/python/wheelhouse/gentoo2020/avx2, /cvmfs/soft.computecanada.ca/custom/python/wheelhouse/gentoo/avx2, /cvmfs/soft.computecanada.ca/custom/python/wheelhouse/gentoo2020/generic, /cvmfs/soft.computecanada.ca/custom/python/wheelhouse/gentoo/generic, /cvmfs/soft.computecanada.ca/custom/python/wheelhouse/generic
Processing /cvmfs/soft.computecanada.ca/custom/python/wheelhouse/generic/jupyter-1.0.0+computecanada-py2.py3-none-any.whl
Requirement already satisfied: ipywidgets in /cvmfs/soft.computecanada.ca/easybuild/software/2020/avx2/Core/scipy-stack/2022a/lib/python3.8/site-packages (from jupyter) (7.6.5+computecanada)
Requirement already satisfied: ipykernel in /cvmfs/soft.computecanada.ca/easybuild/software/2020/avx2/Core/ipykernel/2022a/lib/python3.8/site-packages (from jupyter) (6.0.3+computecanada)
Requirement already satisfied: nbconvert in /cvmfs/soft.computecanada.ca/easybuild/software/2020/avx2/Core/scipy-stack/2022a/lib/python3.8/site-packages (from jupyter) (6.4.2+computecanada)
Requirement already satisfied: notebook in /cvmfs/soft.computecanada.ca/easybuild/software/2020/avx2/Core/scipy-stack/2022a/lib/python3.8/site-packages (from jupyter) (6.4.8+computecanada)
Processing /cvmfs/soft.computecanada.ca/custom/python/wheelhouse/generic/qtconsole-5.3.2+computecanada-py3-none-any.whl
Processing /cvmfs/soft.computecanada.ca/custom/python/wheelhouse/generic/jupyter_console-6.4.0+computecanada-py3-none-any.whl
Requirement already satisfied: tornado<7.0,>=4.2 in /cvmfs/soft.computecanada.ca/easybuild/software/2020/avx2/Core/ipykernel/2022a/lib/python3.8/site-packages (from ipykernel->jupyter) (6.1+computecanada)
Requirement already satisfied: matplotlib-inline<0.2.0,>=0.1.0 in /cvmfs/soft.computecanada.ca/easybuild/software/2020/avx2/Core/ipykernel/2022a/lib/python3.8/site-packages (from ipykernel->jupyter) (0.1.3+computecanada)
Requirement already satisfied: ipython<8.0,>=7.23.1 in /cvmfs/soft.computecanada.ca/easybuild/software/2020/avx2/Core/ipykernel/2022a/lib/python3.8/site-packages (from ipykernel->jupyter) (7.31.1+computecanada)
Requirement already satisfied: jupyter-client<7.0 in /cvmfs/soft.computecanada.ca/easybuild/software/2020/avx2/Core/ipykernel/2022a/lib/python3.8/site-packages (from ipykernel->jupyter) (6.1.12+computecanada)
Requirement already satisfied: traitlets<6.0,>=4.1.0 in /cvmfs/soft.computecanada.ca/easybuild/software/2020/avx2/Core/ipykernel/2022a/lib/python3.8/site-packages (from ipykernel->jupyter) (5.0.5+computecanada)
Requirement already satisfied: debugpy<2.0,>=1.0.0 in /cvmfs/soft.computecanada.ca/easybuild/software/2020/avx2/Core/ipykernel/2022a/lib/python3.8/site-packages (from ipykernel->jupyter) (1.5.1+computecanada)
Requirement already satisfied: widgetsnbextension~=3.5.0 in /cvmfs/soft.computecanada.ca/easybuild/software/2020/avx2/Core/scipy-stack/2022a/lib/python3.8/site-packages (from ipywidgets->jupyter) (3.5.2+computecanada)
Requirement already satisfied: ipython-genutils~=0.2.0 in /cvmfs/soft.computecanada.ca/easybuild/software/2020/avx2/Core/ipykernel/2022a/lib/python3.8/site-packages (from ipywidgets->jupyter) (0.2.0+computecanada)
Requirement already satisfied: jupyterlab-widgets>=1.0.0 in /cvmfs/soft.computecanada.ca/easybuild/software/2020/avx2/Core/scipy-stack/2022a/lib/python3.8/site-packages (from ipywidgets->jupyter) (1.0.2+computecanada)
Requirement already satisfied: nbformat>=4.2.0 in /cvmfs/soft.computecanada.ca/easybuild/software/2020/avx2/Core/scipy-stack/2022a/lib/python3.8/site-packages (from ipywidgets->jupyter) (5.1.3+computecanada)
Requirement already satisfied: prompt-toolkit!=3.0.0,!=3.0.1,<3.1.0,>=2.0.0 in /cvmfs/soft.computecanada.ca/easybuild/software/2020/avx2/Core/ipykernel/2022a/lib/python3.8/site-packages (from jupyter-console->jupyter) (3.0.26+computecanada)
Requirement already satisfied: pygments in /cvmfs/soft.computecanada.ca/easybuild/software/2020/avx2/Core/ipykernel/2022a/lib/python3.8/site-packages (from jupyter-console->jupyter) (2.11.2+computecanada)
Requirement already satisfied: pandocfilters>=1.4.1 in /cvmfs/soft.computecanada.ca/easybuild/software/2020/avx2/Core/scipy-stack/2022a/lib/python3.8/site-packages (from nbconvert->jupyter) (1.5.0+computecanada)
Requirement already satisfied: jinja2>=2.4 in /cvmfs/soft.computecanada.ca/easybuild/software/2020/avx2/Core/scipy-stack/2022a/lib/python3.8/site-packages (from nbconvert->jupyter) (3.0.3+computecanada)
Requirement already satisfied: entrypoints>=0.2.2 in /cvmfs/soft.computecanada.ca/easybuild/software/2020/avx2/Core/scipy-stack/2022a/lib/python3.8/site-packages (from nbconvert->jupyter) (0.4+computecanada)
Requirement already satisfied: testpath in /cvmfs/soft.computecanada.ca/easybuild/software/2020/avx2/Core/scipy-stack/2022a/lib/python3.8/site-packages (from nbconvert->jupyter) (0.5.0+computecanada)
Requirement already satisfied: nbclient<0.6.0,>=0.5.0 in /cvmfs/soft.computecanada.ca/easybuild/software/2020/avx2/Core/scipy-stack/2022a/lib/python3.8/site-packages (from nbconvert->jupyter) (0.5.10+computecanada)
Requirement already satisfied: mistune<2,>=0.8.1 in /cvmfs/soft.computecanada.ca/easybuild/software/2020/avx2/Core/scipy-stack/2022a/lib/python3.8/site-packages (from nbconvert->jupyter) (0.8.4+computecanada)
Requirement already satisfied: defusedxml in /cvmfs/soft.computecanada.ca/easybuild/software/2020/avx2/Core/scipy-stack/2022a/lib/python3.8/site-packages (from nbconvert->jupyter) (0.7.1+computecanada)
Requirement already satisfied: jupyter-core in /cvmfs/soft.computecanada.ca/easybuild/software/2020/avx2/Core/ipykernel/2022a/lib/python3.8/site-packages (from nbconvert->jupyter) (4.9.1+computecanada)
Requirement already satisfied: bleach in /cvmfs/soft.computecanada.ca/easybuild/software/2020/avx2/Core/scipy-stack/2022a/lib/python3.8/site-packages (from nbconvert->jupyter) (4.1.0+computecanada)
Requirement already satisfied: jupyterlab-pygments in /cvmfs/soft.computecanada.ca/easybuild/software/2020/avx2/Core/scipy-stack/2022a/lib/python3.8/site-packages (from nbconvert->jupyter) (0.1.2+computecanada)
Requirement already satisfied: prometheus-client in /cvmfs/soft.computecanada.ca/easybuild/software/2020/avx2/Core/scipy-stack/2022a/lib/python3.8/site-packages (from notebook->jupyter) (0.13.1+computecanada)
Requirement already satisfied: argon2-cffi in /cvmfs/soft.computecanada.ca/easybuild/software/2020/avx2/Core/scipy-stack/2022a/lib/python3.8/site-packages (from notebook->jupyter) (21.3.0+computecanada)
Requirement already satisfied: terminado>=0.8.3 in /cvmfs/soft.computecanada.ca/easybuild/software/2020/avx2/Core/scipy-stack/2022a/lib/python3.8/site-packages (from notebook->jupyter) (0.13.1+computecanada)
Requirement already satisfied: pyzmq>=17 in /cvmfs/soft.computecanada.ca/easybuild/software/2020/avx2/Core/ipykernel/2022a/lib/python3.8/site-packages (from notebook->jupyter) (22.3.0+computecanada)
Requirement already satisfied: nest-asyncio>=1.5 in /cvmfs/soft.computecanada.ca/easybuild/software/2020/avx2/Core/scipy-stack/2022a/lib/python3.8/site-packages (from notebook->jupyter) (1.5.4+computecanada)
Requirement already satisfied: Send2Trash>=1.8.0 in /cvmfs/soft.computecanada.ca/easybuild/software/2020/avx2/Core/scipy-stack/2022a/lib/python3.8/site-packages (from notebook->jupyter) (1.8.0+computecanada)
Processing /cvmfs/soft.computecanada.ca/custom/python/wheelhouse/generic/QtPy-2.2.0+computecanada-py3-none-any.whl
Requirement already satisfied: decorator in /cvmfs/soft.computecanada.ca/easybuild/software/2020/avx2/Core/ipykernel/2022a/lib/python3.8/site-packages (from ipython<8.0,>=7.23.1->ipykernel->jupyter) (5.1.1+computecanada)
Requirement already satisfied: pexpect>4.3 in /cvmfs/soft.computecanada.ca/easybuild/software/2020/avx2/Core/ipykernel/2022a/lib/python3.8/site-packages (from ipython<8.0,>=7.23.1->ipykernel->jupyter) (4.8.0+computecanada)
Requirement already satisfied: pickleshare in /cvmfs/soft.computecanada.ca/easybuild/software/2020/avx2/Core/ipykernel/2022a/lib/python3.8/site-packages (from ipython<8.0,>=7.23.1->ipykernel->jupyter) (0.7.5+computecanada)
Requirement already satisfied: backcall in /cvmfs/soft.computecanada.ca/easybuild/software/2020/avx2/Core/ipykernel/2022a/lib/python3.8/site-packages (from ipython<8.0,>=7.23.1->ipykernel->jupyter) (0.2.0+computecanada)
Requirement already satisfied: jedi>=0.16 in /cvmfs/soft.computecanada.ca/easybuild/software/2020/avx2/Core/ipykernel/2022a/lib/python3.8/site-packages (from ipython<8.0,>=7.23.1->ipykernel->jupyter) (0.18.1+computecanada)
Requirement already satisfied: setuptools>=18.5 in /local/shg096.15459311.0/env/lib/python3.8/site-packages (from ipython<8.0,>=7.23.1->ipykernel->jupyter) (46.1.3)
Requirement already satisfied: MarkupSafe>=2.0 in /cvmfs/soft.computecanada.ca/easybuild/software/2020/avx2/Core/scipy-stack/2022a/lib/python3.8/site-packages (from jinja2>=2.4->nbconvert->jupyter) (2.0.1+computecanada)
Requirement already satisfied: python-dateutil>=2.1 in /cvmfs/soft.computecanada.ca/easybuild/software/2020/avx2/Core/ipykernel/2022a/lib/python3.8/site-packages (from jupyter-client<7.0->ipykernel->jupyter) (2.8.2+computecanada)
Requirement already satisfied: jsonschema!=2.5.0,>=2.4 in /cvmfs/soft.computecanada.ca/easybuild/software/2020/avx2/Core/scipy-stack/2022a/lib/python3.8/site-packages (from nbformat>=4.2.0->ipywidgets->jupyter) (4.4.0+computecanada)
Requirement already satisfied: wcwidth in /cvmfs/soft.computecanada.ca/easybuild/software/2020/avx2/Core/ipykernel/2022a/lib/python3.8/site-packages (from prompt-toolkit!=3.0.0,!=3.0.1,<3.1.0,>=2.0.0->jupyter-console->jupyter) (0.2.5+computecanada)
Requirement already satisfied: packaging in /cvmfs/soft.computecanada.ca/easybuild/software/2020/avx2/Core/scipy-stack/2022a/lib/python3.8/site-packages (from qtpy>=2.0.1->qtconsole->jupyter) (21.3+computecanada)
Requirement already satisfied: ptyprocess in /cvmfs/soft.computecanada.ca/easybuild/software/2020/avx2/Core/ipykernel/2022a/lib/python3.8/site-packages (from terminado>=0.8.3->notebook->jupyter) (0.7.0+computecanada)
Requirement already satisfied: argon2-cffi-bindings in /cvmfs/soft.computecanada.ca/easybuild/software/2020/avx2/Core/scipy-stack/2022a/lib/python3.8/site-packages (from argon2-cffi->notebook->jupyter) (21.2.0+computecanada)
Requirement already satisfied: six>=1.9.0 in /cvmfs/soft.computecanada.ca/easybuild/software/2020/avx2/Core/ipykernel/2022a/lib/python3.8/site-packages (from bleach->nbconvert->jupyter) (1.16.0+computecanada)
Requirement already satisfied: webencodings in /cvmfs/soft.computecanada.ca/easybuild/software/2020/avx2/Core/scipy-stack/2022a/lib/python3.8/site-packages (from bleach->nbconvert->jupyter) (0.5.1+computecanada)
Requirement already satisfied: parso<0.9.0,>=0.8.0 in /cvmfs/soft.computecanada.ca/easybuild/software/2020/avx2/Core/ipykernel/2022a/lib/python3.8/site-packages (from jedi>=0.16->ipython<8.0,>=7.23.1->ipykernel->jupyter) (0.8.3+computecanada)
Requirement already satisfied: pyrsistent!=0.17.0,!=0.17.1,!=0.17.2,>=0.14.0 in /cvmfs/soft.computecanada.ca/easybuild/software/2020/avx2/Core/scipy-stack/2022a/lib/python3.8/site-packages (from jsonschema!=2.5.0,>=2.4->nbformat>=4.2.0->ipywidgets->jupyter) (0.18.1+computecanada)
Requirement already satisfied: importlib-resources>=1.4.0 in /cvmfs/soft.computecanada.ca/easybuild/software/2020/avx2/Core/scipy-stack/2022a/lib/python3.8/site-packages (from jsonschema!=2.5.0,>=2.4->nbformat>=4.2.0->ipywidgets->jupyter) (5.4.0+computecanada)
Requirement already satisfied: attrs>=17.4.0 in /cvmfs/soft.computecanada.ca/easybuild/software/2020/avx2/Core/scipy-stack/2022a/lib/python3.8/site-packages (from jsonschema!=2.5.0,>=2.4->nbformat>=4.2.0->ipywidgets->jupyter) (21.4.0+computecanada)
Requirement already satisfied: cffi>=1.0.1 in /cvmfs/soft.computecanada.ca/easybuild/software/2020/avx2/Core/scipy-stack/2022a/lib/python3.8/site-packages (from argon2-cffi-bindings->argon2-cffi->notebook->jupyter) (1.15.0+computecanada)
Requirement already satisfied: pyparsing!=3.0.5,>=2.0.2 in /cvmfs/soft.computecanada.ca/easybuild/software/2020/avx2/Core/scipy-stack/2022a/lib/python3.8/site-packages (from packaging->qtpy>=2.0.1->qtconsole->jupyter) (3.0.7+computecanada)
Requirement already satisfied: pycparser in /cvmfs/soft.computecanada.ca/easybuild/software/2020/avx2/Core/scipy-stack/2022a/lib/python3.8/site-packages (from cffi>=1.0.1->argon2-cffi-bindings->argon2-cffi->notebook->jupyter) (2.21+computecanada)
Requirement already satisfied: zipp>=3.1.0 in /cvmfs/soft.computecanada.ca/easybuild/software/2020/avx2/Core/scipy-stack/2022a/lib/python3.8/site-packages (from importlib-resources>=1.4.0->jsonschema!=2.5.0,>=2.4->nbformat>=4.2.0->ipywidgets->jupyter) (3.7.0+computecanada)
Installing collected packages: qtpy, qtconsole, jupyter-console, jupyter
Successfully installed jupyter-1.0.0+computecanada jupyter-console-6.4.0+computecanada qtconsole-5.3.2+computecanada qtpy-2.2.0+computecanada
Looking in links: /cvmfs/soft.computecanada.ca/custom/python/wheelhouse/gentoo2020/avx2, /cvmfs/soft.computecanada.ca/custom/python/wheelhouse/gentoo/avx2, /cvmfs/soft.computecanada.ca/custom/python/wheelhouse/gentoo2020/generic, /cvmfs/soft.computecanada.ca/custom/python/wheelhouse/gentoo/generic, /cvmfs/soft.computecanada.ca/custom/python/wheelhouse/generic
Looking in links: /cvmfs/soft.computecanada.ca/custom/python/wheelhouse/gentoo2020/avx2, /cvmfs/soft.computecanada.ca/custom/python/wheelhouse/gentoo/avx2, /cvmfs/soft.computecanada.ca/custom/python/wheelhouse/gentoo2020/generic, /cvmfs/soft.computecanada.ca/custom/python/wheelhouse/gentoo/generic, /cvmfs/soft.computecanada.ca/custom/python/wheelhouse/generic
Processing /cvmfs/soft.computecanada.ca/custom/python/wheelhouse/gentoo/avx2/netCDF4-1.5.8+computecanada-cp38-cp38-linux_x86_64.whl
Processing /cvmfs/soft.computecanada.ca/custom/python/wheelhouse/gentoo/avx2/cftime-1.6.2+computecanada-cp38-cp38-linux_x86_64.whl
Requirement already satisfied: numpy>=1.21 in /cvmfs/soft.computecanada.ca/easybuild/software/2020/avx2/Core/scipy-stack/2022a/lib/python3.8/site-packages (from netcdf4) (1.22.2+computecanada)
Installing collected packages: cftime, netcdf4
Successfully installed cftime-1.6.2+computecanada netcdf4-1.5.8+computecanada
Looking in links: /cvmfs/soft.computecanada.ca/custom/python/wheelhouse/gentoo2020/avx2, /cvmfs/soft.computecanada.ca/custom/python/wheelhouse/gentoo/avx2, /cvmfs/soft.computecanada.ca/custom/python/wheelhouse/gentoo2020/generic, /cvmfs/soft.computecanada.ca/custom/python/wheelhouse/gentoo/generic, /cvmfs/soft.computecanada.ca/custom/python/wheelhouse/generic
Processing /cvmfs/soft.computecanada.ca/custom/python/wheelhouse/generic/h5netcdf-1.3.0+computecanada-py3-none-any.whl
Requirement already satisfied: h5py in /cvmfs/soft.computecanada.ca/easybuild/software/2020/avx2/Compiler/gcc9/hdf5/1.10.6/lib/python3.8/site-packages/h5py-3.1.0-py3.8-linux-x86_64.egg (from h5netcdf) (3.1.0)
Requirement already satisfied: packaging in /cvmfs/soft.computecanada.ca/easybuild/software/2020/avx2/Core/scipy-stack/2022a/lib/python3.8/site-packages (from h5netcdf) (21.3+computecanada)
Processing /cvmfs/soft.computecanada.ca/custom/python/wheelhouse/generic/h5netcdf-1.2.0+computecanada-py3-none-any.whl
Processing /cvmfs/soft.computecanada.ca/custom/python/wheelhouse/generic/h5netcdf-0.7.4+computecanada-py2.py3-none-any.whl
Requirement already satisfied: numpy>=1.17.5 in /cvmfs/soft.computecanada.ca/easybuild/software/2020/avx2/Core/scipy-stack/2022a/lib/python3.8/site-packages (from h5py->h5netcdf) (1.22.2+computecanada)
Installing collected packages: h5netcdf
Successfully installed h5netcdf-0.7.4+computecanada
Looking in links: /cvmfs/soft.computecanada.ca/custom/python/wheelhouse/gentoo2020/avx2, /cvmfs/soft.computecanada.ca/custom/python/wheelhouse/gentoo/avx2, /cvmfs/soft.computecanada.ca/custom/python/wheelhouse/gentoo2020/generic, /cvmfs/soft.computecanada.ca/custom/python/wheelhouse/gentoo/generic, /cvmfs/soft.computecanada.ca/custom/python/wheelhouse/generic
Processing /cvmfs/soft.computecanada.ca/custom/python/wheelhouse/generic/gdown-4.5.1+computecanada-py3-none-any.whl
Requirement already satisfied: six in /cvmfs/soft.computecanada.ca/easybuild/software/2020/avx2/Core/ipykernel/2022a/lib/python3.8/site-packages (from gdown) (1.16.0+computecanada)
Processing /cvmfs/soft.computecanada.ca/custom/python/wheelhouse/generic/beautifulsoup4-4.12.2+computecanada-py3-none-any.whl
Processing /cvmfs/soft.computecanada.ca/custom/python/wheelhouse/generic/filelock-3.13.1+computecanada-py3-none-any.whl
Requirement already satisfied: requests[socks] in /cvmfs/soft.computecanada.ca/easybuild/software/2020/avx2/Core/scipy-stack/2022a/lib/python3.8/site-packages (from gdown) (2.27.1+computecanada)
Processing /cvmfs/soft.computecanada.ca/custom/python/wheelhouse/generic/tqdm-4.66.1+computecanada-py3-none-any.whl
Processing /cvmfs/soft.computecanada.ca/custom/python/wheelhouse/generic/soupsieve-2.5+computecanada-py3-none-any.whl
Requirement already satisfied: urllib3<1.27,>=1.21.1 in /cvmfs/soft.computecanada.ca/easybuild/software/2020/avx2/Core/scipy-stack/2022a/lib/python3.8/site-packages (from requests[socks]->gdown) (1.26.8+computecanada)
Requirement already satisfied: charset-normalizer~=2.0.0 in /cvmfs/soft.computecanada.ca/easybuild/software/2020/avx2/Core/scipy-stack/2022a/lib/python3.8/site-packages (from requests[socks]->gdown) (2.0.11+computecanada)
Requirement already satisfied: idna<4,>=2.5 in /cvmfs/soft.computecanada.ca/easybuild/software/2020/avx2/Core/scipy-stack/2022a/lib/python3.8/site-packages (from requests[socks]->gdown) (3.3+computecanada)
Requirement already satisfied: certifi>=2017.4.17 in /cvmfs/soft.computecanada.ca/easybuild/software/2020/avx2/Core/scipy-stack/2022a/lib/python3.8/site-packages (from requests[socks]->gdown) (2021.10.8+computecanada)
Processing /cvmfs/soft.computecanada.ca/custom/python/wheelhouse/generic/PySocks-1.7.1+computecanada-py3-none-any.whl
Installing collected packages: tqdm, soupsieve, PySocks, filelock, beautifulsoup4, gdown
Successfully installed PySocks-1.7.1+computecanada beautifulsoup4-4.12.2+computecanada filelock-3.13.1+computecanada gdown-4.5.1+computecanada soupsieve-2.5+computecanada tqdm-4.66.1+computecanada
Looking in links: /cvmfs/soft.computecanada.ca/custom/python/wheelhouse/gentoo2020/avx2, /cvmfs/soft.computecanada.ca/custom/python/wheelhouse/gentoo/avx2, /cvmfs/soft.computecanada.ca/custom/python/wheelhouse/gentoo2020/generic, /cvmfs/soft.computecanada.ca/custom/python/wheelhouse/gentoo/generic, /cvmfs/soft.computecanada.ca/custom/python/wheelhouse/generic
Processing /cvmfs/soft.computecanada.ca/custom/python/wheelhouse/generic/dask-2023.12.0+computecanada-py3-none-any.whl
Requirement already satisfied: packaging>=20.0 in /cvmfs/soft.computecanada.ca/easybuild/software/2020/avx2/Core/scipy-stack/2022a/lib/python3.8/site-packages (from dask) (21.3+computecanada)
Processing /cvmfs/soft.computecanada.ca/custom/python/wheelhouse/generic/partd-1.4.1+computecanada-py3-none-any.whl
Processing /cvmfs/soft.computecanada.ca/custom/python/wheelhouse/generic/toolz-0.12.0+computecanada-py3-none-any.whl
Processing /cvmfs/soft.computecanada.ca/custom/python/wheelhouse/generic/cloudpickle-3.0.0+computecanada-py3-none-any.whl
Processing /cvmfs/soft.computecanada.ca/custom/python/wheelhouse/generic/importlib_metadata-7.0.1+computecanada-py3-none-any.whl
Processing /cvmfs/soft.computecanada.ca/custom/python/wheelhouse/generic/fsspec-2023.12.2+computecanada-py3-none-any.whl
Requirement already satisfied: click>=8.1 in /cvmfs/soft.computecanada.ca/easybuild/software/2020/avx2/Compiler/gcc9/eccodes/2.25.0/lib/python3.8/site-packages/click-8.1.2-py3.8.egg (from dask) (8.1.2)
Processing /cvmfs/soft.computecanada.ca/custom/python/wheelhouse/gentoo/avx2/PyYAML-6.0+computecanada-cp38-cp38-linux_x86_64.whl
Processing /cvmfs/soft.computecanada.ca/custom/python/wheelhouse/generic/dask-2023.11.0+computecanada-py3-none-any.whl
Processing /cvmfs/soft.computecanada.ca/custom/python/wheelhouse/generic/dask-2023.10.1+computecanada-py3-none-any.whl
Processing /cvmfs/soft.computecanada.ca/custom/python/wheelhouse/generic/dask-2023.5.1+computecanada-py3-none-any.whl
Processing /cvmfs/soft.computecanada.ca/custom/python/wheelhouse/generic/dask-2023.2.1+computecanada-py3-none-any.whl
Requirement already satisfied: pyparsing!=3.0.5,>=2.0.2 in /cvmfs/soft.computecanada.ca/easybuild/software/2020/avx2/Core/scipy-stack/2022a/lib/python3.8/site-packages (from packaging>=20.0->dask) (3.0.7+computecanada)
Processing /cvmfs/soft.computecanada.ca/custom/python/wheelhouse/generic/locket-1.0.0+computecanada-py2.py3-none-any.whl
Installing collected packages: toolz, pyyaml, locket, fsspec, cloudpickle, partd, dask
Successfully installed cloudpickle-3.0.0+computecanada dask-2023.2.1+computecanada fsspec-2023.12.2+computecanada locket-1.0.0+computecanada partd-1.4.1+computecanada pyyaml-6.0+computecanada toolz-0.12.0+computecanada
10
parallel remapping for nc files on  10  workers
['1950', '1951', '1952', '1953', '1954', '1955', '1956', '1957', '1958', '1959']
